mkdir('first_dir', 1411)
mkdir('first_dir', 1411)
mkdir('first_dir', 1411)
mkdir('first_dir', 1411)
mkdir('first_dir', 1411)
mkdir('first_dir', 1411)
mkdir('first_dir', 1411)
mkdir('first_dir', 1411)
mkdir('first_dir', 1411)
mkdir('first_dir', 1411)
mkdir('first_dir', 1411)
mkdir('first_dir', 1411)
mkdir('first_dir', 1411)
mkdir('first_dir', 1411)
mkdir('first_dir', 1411)
mkdir('first_dir', 1411)
mkdir('first_dir', 1411)
mkdir('first_dir', 1411)
mkdir('first_dir', 1411)
mkdir('first_dir', 1411)
mkdir('first_dir', 1411)
mkdir('first_dir', 1411)
mkdir('first_dir', 1411)
mkdir('first_dir', 1411)
access('first_dir', 0)
mkdir('first_dir', 1411)
access('first_dir', 0)
mkdir('first_dir', 1411)
access('first_dir', 0)
mkdir('first_dir', 1411)
access('first_dir', 0)
mkdir('first_dir', 1411)
access('first_dir', 0)
mkdir('first_dir', 1411)
access('first_dir', 0)
mkdir('first_dir', 1411)
access('first_dir', 0)
mkdir('first_dir', 1411)
access('first_dir', 0)
mkdir('first_dir', 1411)
access('first_dir', 0)
mkdir('first_dir', 1411)
access('first_dir', 0)
mkdir('first_dir', 1411)
access('first_dir', 0)
mkdir('first_dir', 1411)
access('first_dir', 0)
mkdir('first_dir', 1411)
access('first_dir', 0)
mkdir('parent_dir/child_dir', 1411)
mkdir('parent_dir/child_dir', 1411)
access('parent_dir/child_dir', 0)
access('parent_dir/child_dir', 0)
mkdir('first_dir', 1411)
mkdir('first_dir', 1411)
mkdir('first_dir', 1411)
access('first_dir', 0)
access('first_dir', 0)
access('first_dir', 0)
mkdir('parent_dir/child_dir', 1411)
mkdir('parent_dir/child_dir', 1411)
access('parent_dir/child_dir', 0)
access('parent_dir/child_dir', 0)
mkdir('first_dir', 1411)
mkdir('first_dir', 1411)
mkdir('first_dir', 1411)
access('first_dir', 0)
access('first_dir', 0)
access('first_dir', 0)
mkdir('parent_dir/child_dir', 1411)
mkdir('parent_dir/child_dir', 1411)
access('parent_dir/child_dir', 0)
access('parent_dir/child_dir', 0)
mkdir('first_dir', 1411)
mkdir('first_dir', 1411)
mkdir('first_dir', 1411)
access('first_dir', 0)
access('first_dir', 0)
access('first_dir', 0)
mkdir('parent_dir/child_dir', 1411)
mkdir('parent_dir/child_dir', 1411)
access('parent_dir/child_dir', 0)
access('parent_dir/child_dir', 0)
mkdir('first_dir', 1411)
mkdir('first_dir', 1411)
mkdir('first_dir', 1411)
access('first_dir', 0)
access('first_dir', 0)
access('first_dir', 0)
mkdir('parent_dir/child_dir', 1411)
access('parent_dir/child_dir', 0)
mkdir('first_dir', 1411)
mkdir('first_dir', 1411)
access('first_dir', 0)
access('first_dir', 0)
mkdir('parent_dir//child_dir', 1411)
access('parent_dir/child_dir', 0)
mkdir('first_dir', 1411)
mkdir('first_dir', 1411)
access('first_dir', 0)
access('first_dir', 0)
mkdir('parent_dir\\child_dir', 1411)
access('parent_dir\\child_dir', 0)
mkdir('first_dir', 1411)
mkdir('first_dir', 1411)
access('first_dir', 0)
access('first_dir', 0)
mkdir('parent_dir:child_dir', 1411)
access('parent_dir:child_dir', 0)
mkdir('first_dir', 1411)
mkdir('first_dir', 1411)
access('first_dir', 0)
access('first_dir', 0)
mkdir('parent_dir:child_dir', 1411)
access('parent_dir:child_dir', 0)
mkdir('parent_dir/child_dir', 1411)
access('parent_dir/child_dir', 0)
mkdir('parent_dir/child_dir', 1411)
access('parent_dir/child_dir', 0)
mkdir("parent_dir'/child_dir", 1411)
access("parent_dir'/child_dir", 0)
mkdir('parent_dir\\child_dir', 1411)
access('parent_dir\\child_dir', 0)
mkdir('parent_dir--child_dir', 1411)
access('parent_dir--child_dir', 0)
mkdir('parent_dir-child_dir', 1411)
access('parent_dir-child_dir', 0)
mkdir('parent_dir:child_dir', 1411)
access('parent_dir:child_dir', 0)
mkdir('parent_dir:child_dir', 1411)
access('parent_dir:child_dir', 0)
mkdir('first_dir', 1411)
mkdir('first_dir', 1411)
access('first_dir', 0)
access('first_dir', 0)
mkdir('parent_dir:child_dir', 1411)
access('parent_dir:child_dir', 0)
mkdir('first_dir', 1411)
mkdir('first_dir', 1411)
access('first_dir', 0)
access('first_dir', 0)
mkdir('parent_dir/child_dir', 1411)
access('parent_dir/child_dir', 0)
mkdir('parent_dir/child_dir', 1411)
mkdir('parent_dir/child_dir', 1411)
mkdir('parent_dir/child_dir', 1411)
mkdir('first_dir', 1411)
mkdir('first_dir', 1411)
access('first_dir', 0)
access('first_dir', 0)
mkdir('first_dir', 1411)
access('first_dir', 0)
mkdir('first_dir', 1411)
access('first_dir', 0)
mkdir('first_dir', 1411)
access('first_dir', 0)
mkdir('parent_dir/child_dir', 1411)
mkdir('first_dir', 1411)
mkdir('first_dir', 1411)
mkdir('parent_dir/child_dir', 1411)
mkdir('first_dir', 1411)
mkdir('first_dir', 1411)
mkdir('parent_dir/child_dir', 1411)
mkdir('parent_dir/child_dir', 1411)
mkdir('parent_dir/child_dir', 1411)
mkdir('parent_dir/child_dir', 1411)
mkdir('parent_dir/child_dir', 1411)
mkdir('parent_dir/child_dir', 1411)
mkdir('first_dir', 1411)
mkdir('first_dir', 1411)
access('first_dir', 0)
access('first_dir', 0)
mkdir('parent_dir/child_dir', 1411)
mkdir('first_dir', 1411)
mkdir('first_dir', 1411)
access('first_dir', 0)
access('first_dir', 0)
mkdir('parent_dir/child_dir', 1411)
mkdir('parent_dir/child_dir', 1411)
mkdir('first_dir', 1411)
access('first_dir', 0)
mkdir('first_dir', 1411)
access('first', 0)
mkdir('first', 1411)
access('first', 0)
mkdir('first', 1411)
access('first', 0)
mkdir('first', 1411)
access('first', 0)
mkdir('first', 1411)
mkdir('first', 1411)
mkdir('first', 1411)
mkdir('first', 1411)
access('first', 0)
mkdir('first', 1411)
access('first', 0)
mkdir('first', 1411)
access('first', 0)
mkdir('first', 1411)
access('first', 0)
mkdir('first', 1411)
access('first', 0)
mkdir('first', 1411)
mkdir('first', 1411)
access('first', 0)
mkdir('first', 1411)
access('first', 0)
mkdir('first', 1411)
access('first', 0)
mkdir('first', 1411)
access('first', 0)
mkdir('first', 1411)
access('first', 0)
mkdir('parent_dir/child_dir', 1411)
mkdir('first', 1411)
mkdir('first', 1411)
access('first', 0)
access('first', 0)
mkdir('parent_dir', 1411)
mkdir('parent_dir/child_dir', 1411)
access('parent_dir/child_dir', 0)
mkdir('first', 1411)
mkdir('first', 1411)
access('first', 0)
access('first', 0)
mkdir('parent_dir', 1411)
mkdir('parent_dir/child_dir', 1411)
access('parent_dir/child_dir', 0)
mkdir('parent_dir', 1411)
mkdir('parent_dir/child_dir', 1411)
access('parent_dir/child_dir', 0)
mkdir('parent_dir', 1411)
mkdir('parent_dir/child_dir', 1411)
access('parent_dir/child_dir', 0)
mkdir('parent_dir', 1411)
mkdir('parent_dir/child_dir', 1411)
access('parent_dir/child_dir', 0)
